<?xml version="1.0" encoding="UTF-8"?>
<!-- Generated by org.testng.reporters.JUnitXMLReporter -->
<testsuite ignored="0" hostname="DESKTOP-3KIECR5" failures="1" tests="3" name="Tutorialsninja Tests" time="17.793" errors="0" timestamp="17 Nov. 2024 03:14:41 GMT">
  <testcase classname="com.tutorialsninja.testcases.Register" name="VerifyRegesteringAccouuntWithMandatoryFields" time="0.887">
    <failure type="java.lang.AssertionError" message="Account success page is not displayed expected [Your Account Has Been Created!] but found [Register Account]">
      <![CDATA[java.lang.AssertionError: Account success page is not displayed expected [Your Account Has Been Created!] but found [Register Account]
at com.tutorialsninja.testcases.Register.VerifyRegesteringAccouuntWithMandatoryFields(Register.java:55)
... Removed 30 stack frames]]>
    </failure>
  </testcase> <!-- VerifyRegesteringAccouuntWithMandatoryFields -->
  <testcase classname="com.tutorialsninja.testcases.Login" name="LoginWithValidCredentials" time="1.399"/>
  <testcase classname="com.tutorialsninja.testcases.Search" name="VerifySearchWithValidProduct" time="0.888"/>
</testsuite> <!-- Tutorialsninja Tests -->
